[debug] [2020-12-11T15:50:45.375Z] ----------------------------------------------------------------------
[debug] [2020-12-11T15:50:45.377Z] Command:       /usr/local/bin/node /usr/local/bin/firebase deploy
[debug] [2020-12-11T15:50:45.377Z] CLI Version:   8.18.1
[debug] [2020-12-11T15:50:45.377Z] Platform:      darwin
[debug] [2020-12-11T15:50:45.378Z] Node Version:  v12.0.0
[debug] [2020-12-11T15:50:45.378Z] Time:          Fri Dec 11 2020 07:50:45 GMT-0800 (Pacific Standard Time)
[debug] [2020-12-11T15:50:45.379Z] ----------------------------------------------------------------------
[debug] [2020-12-11T15:50:45.379Z] 
[debug] [2020-12-11T15:50:45.390Z] > command requires scopes: ["email","openid","https://www.googleapis.com/auth/cloudplatformprojects.readonly","https://www.googleapis.com/auth/firebase","https://www.googleapis.com/auth/cloud-platform"]
[debug] [2020-12-11T15:50:45.390Z] > authorizing via signed-in user
[debug] [2020-12-11T15:50:45.391Z] [iam] checking project rkreddy56 for permissions ["cloudfunctions.functions.create","cloudfunctions.functions.delete","cloudfunctions.functions.get","cloudfunctions.functions.list","cloudfunctions.functions.update","cloudfunctions.operations.get","firebase.projects.get"]
[debug] [2020-12-11T15:50:45.394Z] > refreshing access token with scopes: ["email","https://www.googleapis.com/auth/cloud-platform","https://www.googleapis.com/auth/cloudplatformprojects.readonly","https://www.googleapis.com/auth/firebase","openid"]
[debug] [2020-12-11T15:50:45.394Z] >>> HTTP REQUEST POST https://www.googleapis.com/oauth2/v3/token  
 <request body omitted>
[debug] [2020-12-11T15:50:45.613Z] <<< HTTP RESPONSE 200 {"pragma":"no-cache","date":"Fri, 11 Dec 2020 15:50:45 GMT","expires":"Mon, 01 Jan 1990 00:00:00 GMT","cache-control":"no-cache, no-store, max-age=0, must-revalidate","content-type":"application/json; charset=utf-8","vary":"X-Origin, Referer, Origin,Accept-Encoding","server":"scaffolding on HTTPServer2","x-xss-protection":"0","x-frame-options":"SAMEORIGIN","x-content-type-options":"nosniff","alt-svc":"h3-29=\":443\"; ma=2592000,h3-T051=\":443\"; ma=2592000,h3-Q050=\":443\"; ma=2592000,h3-Q046=\":443\"; ma=2592000,h3-Q043=\":443\"; ma=2592000,quic=\":443\"; ma=2592000; v=\"46,43\"","accept-ranges":"none","transfer-encoding":"chunked"}
[debug] [2020-12-11T15:50:45.640Z] >>> HTTP REQUEST POST https://cloudresourcemanager.googleapis.com/v1/projects/rkreddy56:testIamPermissions  
 {"permissions":["cloudfunctions.functions.create","cloudfunctions.functions.delete","cloudfunctions.functions.get","cloudfunctions.functions.list","cloudfunctions.functions.update","cloudfunctions.operations.get","firebase.projects.get"]}
[debug] [2020-12-11T15:50:45.844Z] <<< HTTP RESPONSE 200 {"content-type":"application/json; charset=UTF-8","vary":"X-Origin, Referer, Origin,Accept-Encoding","date":"Fri, 11 Dec 2020 15:50:45 GMT","server":"ESF","cache-control":"private","x-xss-protection":"0","x-frame-options":"SAMEORIGIN","x-content-type-options":"nosniff","server-timing":"gfet4t7; dur=49","alt-svc":"h3-29=\":443\"; ma=2592000,h3-T051=\":443\"; ma=2592000,h3-Q050=\":443\"; ma=2592000,h3-Q046=\":443\"; ma=2592000,h3-Q043=\":443\"; ma=2592000,quic=\":443\"; ma=2592000; v=\"46,43\"","accept-ranges":"none","transfer-encoding":"chunked"}
[debug] [2020-12-11T15:50:45.845Z] >>> HTTP REQUEST POST https://iam.googleapis.com/v1/projects/rkreddy56/serviceAccounts/rkreddy56@appspot.gserviceaccount.com:testIamPermissions  
 {"permissions":["iam.serviceAccounts.actAs"]}
[debug] [2020-12-11T15:50:46.040Z] <<< HTTP RESPONSE 200 {"content-type":"application/json; charset=UTF-8","vary":"X-Origin, Referer, Origin,Accept-Encoding","date":"Fri, 11 Dec 2020 15:50:46 GMT","server":"ESF","cache-control":"private","x-xss-protection":"0","x-frame-options":"SAMEORIGIN","x-content-type-options":"nosniff","alt-svc":"h3-29=\":443\"; ma=2592000,h3-T051=\":443\"; ma=2592000,h3-Q050=\":443\"; ma=2592000,h3-Q046=\":443\"; ma=2592000,h3-Q043=\":443\"; ma=2592000,quic=\":443\"; ma=2592000; v=\"46,43\"","accept-ranges":"none","transfer-encoding":"chunked"}
[info] 
[info] === Deploying to 'rkreddy56'...
[info] 
[info] i  deploying functions 
[info] Running command: npm --prefix "$RESOURCE_DIR" run lint
[info] Running command: npm --prefix "$RESOURCE_DIR" run build
[info] ✔  functions: Finished running predeploy script. 
[debug] [2020-12-11T15:50:53.270Z] > [functions] package.json contents: {
  "name": "functions",
  "scripts": {
    "lint": "tslint --project tsconfig.json",
    "build": "tsc",
    "serve": "npm run build && firebase emulators:start --only functions",
    "shell": "npm run build && firebase functions:shell",
    "start": "npm run shell",
    "deploy": "firebase deploy --only functions",
    "logs": "firebase functions:log"
  },
  "engines": {
    "node": "10"
  },
  "main": "lib/index.js",
  "dependencies": {
    "@angular/fire": "^6.1.4",
    "firebase-admin": "^8.10.0",
    "firebase-functions": "^3.6.1",
    "twilio": "^3.54.0"
  },
  "devDependencies": {
    "tslint": "^5.12.0",
    "typescript": "^3.8.0",
    "firebase-functions-test": "^0.2.0"
  },
  "private": true
}
[info] i  functions: ensuring required API cloudfunctions.googleapis.com is enabled... 
[info] i  functions: ensuring required API cloudbuild.googleapis.com is enabled... 
[debug] [2020-12-11T15:50:54.301Z] >>> HTTP REQUEST GET https://serviceusage.googleapis.com/v1/projects/rkreddy56/services/cloudfunctions.googleapis.com  
 
[debug] [2020-12-11T15:50:54.302Z] >>> HTTP REQUEST GET https://serviceusage.googleapis.com/v1/projects/rkreddy56/services/runtimeconfig.googleapis.com  
 
[debug] [2020-12-11T15:50:54.302Z] >>> HTTP REQUEST GET https://serviceusage.googleapis.com/v1/projects/rkreddy56/services/cloudbuild.googleapis.com  
 
[debug] [2020-12-11T15:50:54.671Z] <<< HTTP RESPONSE 200 {"content-type":"application/json; charset=UTF-8","vary":"X-Origin, Referer, Origin,Accept-Encoding","date":"Fri, 11 Dec 2020 15:50:54 GMT","server":"ESF","cache-control":"private","x-xss-protection":"0","x-frame-options":"SAMEORIGIN","x-content-type-options":"nosniff","alt-svc":"h3-29=\":443\"; ma=2592000,h3-T051=\":443\"; ma=2592000,h3-Q050=\":443\"; ma=2592000,h3-Q046=\":443\"; ma=2592000,h3-Q043=\":443\"; ma=2592000,quic=\":443\"; ma=2592000; v=\"46,43\"","accept-ranges":"none","transfer-encoding":"chunked"}
[info] ✔  functions: required API cloudfunctions.googleapis.com is enabled 
[debug] [2020-12-11T15:50:54.866Z] <<< HTTP RESPONSE 200 {"content-type":"application/json; charset=UTF-8","vary":"X-Origin, Referer, Origin,Accept-Encoding","date":"Fri, 11 Dec 2020 15:50:54 GMT","server":"ESF","cache-control":"private","x-xss-protection":"0","x-frame-options":"SAMEORIGIN","x-content-type-options":"nosniff","alt-svc":"h3-29=\":443\"; ma=2592000,h3-T051=\":443\"; ma=2592000,h3-Q050=\":443\"; ma=2592000,h3-Q046=\":443\"; ma=2592000,h3-Q043=\":443\"; ma=2592000,quic=\":443\"; ma=2592000; v=\"46,43\"","accept-ranges":"none","transfer-encoding":"chunked"}
[info] ✔  functions: required API cloudbuild.googleapis.com is enabled 
[debug] [2020-12-11T15:50:54.867Z] <<< HTTP RESPONSE 200 {"content-type":"application/json; charset=UTF-8","vary":"X-Origin, Referer, Origin,Accept-Encoding","date":"Fri, 11 Dec 2020 15:50:54 GMT","server":"ESF","cache-control":"private","x-xss-protection":"0","x-frame-options":"SAMEORIGIN","x-content-type-options":"nosniff","alt-svc":"h3-29=\":443\"; ma=2592000,h3-T051=\":443\"; ma=2592000,h3-Q050=\":443\"; ma=2592000,h3-Q046=\":443\"; ma=2592000,h3-Q043=\":443\"; ma=2592000,quic=\":443\"; ma=2592000; v=\"46,43\"","accept-ranges":"none","transfer-encoding":"chunked"}
[debug] [2020-12-11T15:50:54.867Z] >>> HTTP REQUEST GET https://firebase.googleapis.com/v1beta1/projects/rkreddy56/adminSdkConfig  
 
[debug] [2020-12-11T15:50:55.137Z] <<< HTTP RESPONSE 200 {"content-type":"application/json; charset=UTF-8","vary":"X-Origin, Referer, Origin,Accept-Encoding","date":"Fri, 11 Dec 2020 15:50:55 GMT","server":"ESF","cache-control":"private","x-xss-protection":"0","x-frame-options":"SAMEORIGIN","x-content-type-options":"nosniff","alt-svc":"h3-29=\":443\"; ma=2592000,h3-T051=\":443\"; ma=2592000,h3-Q050=\":443\"; ma=2592000,h3-Q046=\":443\"; ma=2592000,h3-Q043=\":443\"; ma=2592000,quic=\":443\"; ma=2592000; v=\"46,43\"","accept-ranges":"none","transfer-encoding":"chunked"}
[info] i  functions: preparing functions directory for uploading... 
[debug] [2020-12-11T15:50:55.140Z] >>> HTTP REQUEST GET https://runtimeconfig.googleapis.com/v1beta1/projects/rkreddy56/configs  
 
[debug] [2020-12-11T15:50:55.406Z] <<< HTTP RESPONSE 200 {"content-type":"application/json; charset=UTF-8","vary":"X-Origin, Referer, Origin,Accept-Encoding","date":"Fri, 11 Dec 2020 15:50:55 GMT","server":"ESF","cache-control":"private","x-xss-protection":"0","x-frame-options":"SAMEORIGIN","x-content-type-options":"nosniff","alt-svc":"h3-29=\":443\"; ma=2592000,h3-T051=\":443\"; ma=2592000,h3-Q050=\":443\"; ma=2592000,h3-Q046=\":443\"; ma=2592000,h3-Q043=\":443\"; ma=2592000,quic=\":443\"; ma=2592000; v=\"46,43\"","accept-ranges":"none","transfer-encoding":"chunked"}
[debug] [2020-12-11T15:50:55.407Z] >>> HTTP REQUEST GET https://runtimeconfig.googleapis.com/v1beta1/projects/rkreddy56/configs/twilio/variables  
 
[debug] [2020-12-11T15:50:55.680Z] <<< HTTP RESPONSE 200 {"content-type":"application/json; charset=UTF-8","vary":"X-Origin, Referer, Origin,Accept-Encoding","date":"Fri, 11 Dec 2020 15:50:55 GMT","server":"ESF","cache-control":"private","x-xss-protection":"0","x-frame-options":"SAMEORIGIN","x-content-type-options":"nosniff","alt-svc":"h3-29=\":443\"; ma=2592000,h3-T051=\":443\"; ma=2592000,h3-Q050=\":443\"; ma=2592000,h3-Q046=\":443\"; ma=2592000,h3-Q043=\":443\"; ma=2592000,quic=\":443\"; ma=2592000; v=\"46,43\"","accept-ranges":"none","transfer-encoding":"chunked"}
[debug] [2020-12-11T15:50:55.681Z] >>> HTTP REQUEST GET https://runtimeconfig.googleapis.com/v1beta1/projects/rkreddy56/configs/twilio/variables/sid  
 
[debug] [2020-12-11T15:50:55.682Z] >>> HTTP REQUEST GET https://runtimeconfig.googleapis.com/v1beta1/projects/rkreddy56/configs/twilio/variables/token  
 
[debug] [2020-12-11T15:50:56.090Z] <<< HTTP RESPONSE 200 {"content-type":"application/json; charset=UTF-8","vary":"X-Origin, Referer, Origin,Accept-Encoding","date":"Fri, 11 Dec 2020 15:50:56 GMT","server":"ESF","cache-control":"private","x-xss-protection":"0","x-frame-options":"SAMEORIGIN","x-content-type-options":"nosniff","alt-svc":"h3-29=\":443\"; ma=2592000,h3-T051=\":443\"; ma=2592000,h3-Q050=\":443\"; ma=2592000,h3-Q046=\":443\"; ma=2592000,h3-Q043=\":443\"; ma=2592000,quic=\":443\"; ma=2592000; v=\"46,43\"","accept-ranges":"none","transfer-encoding":"chunked"}
[debug] [2020-12-11T15:50:56.280Z] <<< HTTP RESPONSE 200 {"content-type":"application/json; charset=UTF-8","vary":"X-Origin, Referer, Origin,Accept-Encoding","date":"Fri, 11 Dec 2020 15:50:56 GMT","server":"ESF","cache-control":"private","x-xss-protection":"0","x-frame-options":"SAMEORIGIN","x-content-type-options":"nosniff","alt-svc":"h3-29=\":443\"; ma=2592000,h3-T051=\":443\"; ma=2592000,h3-Q050=\":443\"; ma=2592000,h3-Q046=\":443\"; ma=2592000,h3-Q043=\":443\"; ma=2592000,quic=\":443\"; ma=2592000; v=\"46,43\"","accept-ranges":"none","transfer-encoding":"chunked"}
[info] i  functions: packaged functions (37.52 KB) for uploading 
[debug] [2020-12-11T15:50:56.962Z] >>> HTTP REQUEST GET https://cloudfunctions.googleapis.com/v1/projects/rkreddy56/locations/-/functions  
 
[debug] [2020-12-11T15:50:57.512Z] <<< HTTP RESPONSE 200 {"content-type":"application/json; charset=UTF-8","vary":"X-Origin, Referer, Origin,Accept-Encoding","date":"Fri, 11 Dec 2020 15:50:57 GMT","server":"ESF","cache-control":"private","x-xss-protection":"0","x-frame-options":"SAMEORIGIN","x-content-type-options":"nosniff","alt-svc":"h3-29=\":443\"; ma=2592000,h3-T051=\":443\"; ma=2592000,h3-Q050=\":443\"; ma=2592000,h3-Q046=\":443\"; ma=2592000,h3-Q043=\":443\"; ma=2592000,quic=\":443\"; ma=2592000; v=\"46,43\"","accept-ranges":"none","transfer-encoding":"chunked"}
[debug] [2020-12-11T15:50:57.518Z] >>> HTTP REQUEST POST https://cloudfunctions.googleapis.com/v1/projects/rkreddy56/locations/us-central1/functions:generateUploadUrl  
 
[debug] [2020-12-11T15:50:58.191Z] <<< HTTP RESPONSE 200 {"content-type":"application/json; charset=UTF-8","vary":"X-Origin, Referer, Origin,Accept-Encoding","date":"Fri, 11 Dec 2020 15:50:58 GMT","server":"ESF","cache-control":"private","x-xss-protection":"0","x-frame-options":"SAMEORIGIN","x-content-type-options":"nosniff","alt-svc":"h3-29=\":443\"; ma=2592000,h3-T051=\":443\"; ma=2592000,h3-Q050=\":443\"; ma=2592000,h3-Q046=\":443\"; ma=2592000,h3-Q043=\":443\"; ma=2592000,quic=\":443\"; ma=2592000; v=\"46,43\"","accept-ranges":"none","transfer-encoding":"chunked"}
[debug] [2020-12-11T15:50:58.192Z] >>> HTTP REQUEST PUT https://storage.googleapis.com/gcf-upload-us-central1-6a2a7bba-a058-4ba7-9a2f-19a4c29ca125/2e8fcfe9-e699-4697-8c01-6761cd599255.zip?GoogleAccessId=service-437679418941@gcf-admin-robot.iam.gserviceaccount.com&Expires=1607703658&Signature=UFyfTY1O59Ww5DhCukDdw%2FOD26lhIVwEOKqlKiXdrEpBTe6VffOrouNC772VHQK%2Fzw%2Bd3CramTifNrWEVhM6Qm1Ta3FXOE5FUk5CwZUVG94JlAEazjsgoDqjadCI%2FXVqnHxKaoO7hZLHfQZU6gPgRYbl04O3GIi6LgQuF3zhemWEZSuT6BorsvD1TZ0otlWCpe%2BF0qMfArsdZ66iFgU5b8U1UfNmVbl3%2BMebIt0ba36zmEQZDLfglrQfrLJZ2JPHgOMxjbKABMRw0TOfkAvyQPRpuzjkk%2FtcRM6cpZiPr72SHenv4Bke%2BhiADdmPFMvATacOjAqfsKBAlIHqfUBazg%3D%3D  
 <request body omitted>
[debug] [2020-12-11T15:50:58.460Z] <<< HTTP RESPONSE 200 {"x-guploader-uploadid":"ABg5-UzGyeovXdzOw8Fj6y9pQHSACmIc6eRfpw18p2t4aCIqL4rdGYO61cFLAEH0iBAwvBDeFJIw3sPo3PbouJ55yoCFJXy9Yw","etag":"\"aced51d1474ec94c850d90a7e03f2763\"","x-goog-generation":"1607701858495024","x-goog-metageneration":"1","x-goog-hash":"crc32c=Syvf+w==, md5=rO1R0UdOyUyFDZCn4D8nYw==","x-goog-stored-content-length":"38423","x-goog-stored-content-encoding":"identity","vary":"Origin","content-length":"0","date":"Fri, 11 Dec 2020 15:50:58 GMT","server":"UploadServer","content-type":"text/html; charset=UTF-8","alt-svc":"h3-29=\":443\"; ma=2592000,h3-T051=\":443\"; ma=2592000,h3-Q050=\":443\"; ma=2592000,h3-Q046=\":443\"; ma=2592000,h3-Q043=\":443\"; ma=2592000,quic=\":443\"; ma=2592000; v=\"46,43\""}
[info] ✔  functions: functions folder uploaded successfully 
[info] i  functions: updating Node.js 10 function price(us-central1)... 
[debug] [2020-12-11T15:50:58.468Z] Trigger is:  {"eventTrigger":{"resource":"projects/_/instances/rkreddy56-default-rtdb/refs/Bitcoin","eventType":"providers/google.firebase.database/eventTypes/ref.update","service":"firebaseio.com"}}
[debug] [2020-12-11T15:50:58.471Z] >>> HTTP REQUEST PATCH https://cloudfunctions.googleapis.com/v1/projects/rkreddy56/locations/us-central1/functions/price {"updateMask":"sourceUploadUrl,name,labels,runtime,environmentVariables,eventTrigger.resource,eventTrigger.eventType,eventTrigger.service,eventTrigger.failurePolicy"} 
 {"sourceUploadUrl":"https://storage.googleapis.com/gcf-upload-us-central1-6a2a7bba-a058-4ba7-9a2f-19a4c29ca125/2e8fcfe9-e699-4697-8c01-6761cd599255.zip?GoogleAccessId=service-437679418941@gcf-admin-robot.iam.gserviceaccount.com&Expires=1607703658&Signature=UFyfTY1O59Ww5DhCukDdw%2FOD26lhIVwEOKqlKiXdrEpBTe6VffOrouNC772VHQK%2Fzw%2Bd3CramTifNrWEVhM6Qm1Ta3FXOE5FUk5CwZUVG94JlAEazjsgoDqjadCI%2FXVqnHxKaoO7hZLHfQZU6gPgRYbl04O3GIi6LgQuF3zhemWEZSuT6BorsvD1TZ0otlWCpe%2BF0qMfArsdZ66iFgU5b8U1UfNmVbl3%2BMebIt0ba36zmEQZDLfglrQfrLJZ2JPHgOMxjbKABMRw0TOfkAvyQPRpuzjkk%2FtcRM6cpZiPr72SHenv4Bke%2BhiADdmPFMvATacOjAqfsKBAlIHqfUBazg%3D%3D","name":"projects/rkreddy56/locations/us-central1/functions/price","labels":{"deployment-tool":"cli-firebase"},"eventTrigger":{"resource":"projects/_/instances/rkreddy56-default-rtdb/refs/Bitcoin","eventType":"providers/google.firebase.database/eventTypes/ref.update","service":"firebaseio.com"},"runtime":"nodejs10","environmentVariables":{"FIREBASE_CONFIG":"{\"projectId\":\"rkreddy56\",\"databaseURL\":\"https://rkreddy56-default-rtdb.firebaseio.com\",\"storageBucket\":\"rkreddy56.appspot.com\",\"locationId\":\"us-central\"}"}}
[debug] [2020-12-11T15:50:59.184Z] <<< HTTP RESPONSE 200 {"content-type":"application/json; charset=UTF-8","vary":"X-Origin, Referer, Origin,Accept-Encoding","date":"Fri, 11 Dec 2020 15:50:59 GMT","server":"ESF","cache-control":"private","x-xss-protection":"0","x-frame-options":"SAMEORIGIN","x-content-type-options":"nosniff","alt-svc":"h3-29=\":443\"; ma=2592000,h3-T051=\":443\"; ma=2592000,h3-Q050=\":443\"; ma=2592000,h3-Q046=\":443\"; ma=2592000,h3-Q043=\":443\"; ma=2592000,quic=\":443\"; ma=2592000; v=\"46,43\"","accept-ranges":"none","transfer-encoding":"chunked"}
[debug] [2020-12-11T15:50:59.187Z] >>> HTTP REQUEST GET https://cloudfunctions.googleapis.com/v1/operations/cmtyZWRkeTU2L3VzLWNlbnRyYWwxL3ByaWNlLzZfT016dVFuSUQw  
 
[debug] [2020-12-11T15:50:59.454Z] <<< HTTP RESPONSE 200 {"content-type":"application/json; charset=UTF-8","vary":"X-Origin, Referer, Origin,Accept-Encoding","date":"Fri, 11 Dec 2020 15:50:59 GMT","server":"ESF","cache-control":"private","x-xss-protection":"0","x-frame-options":"SAMEORIGIN","x-content-type-options":"nosniff","alt-svc":"h3-29=\":443\"; ma=2592000,h3-T051=\":443\"; ma=2592000,h3-Q050=\":443\"; ma=2592000,h3-Q046=\":443\"; ma=2592000,h3-Q043=\":443\"; ma=2592000,quic=\":443\"; ma=2592000; v=\"46,43\"","accept-ranges":"none","transfer-encoding":"chunked"}
[debug] [2020-12-11T15:51:01.457Z] >>> HTTP REQUEST GET https://cloudfunctions.googleapis.com/v1/operations/cmtyZWRkeTU2L3VzLWNlbnRyYWwxL3ByaWNlLzZfT016dVFuSUQw  
 
[debug] [2020-12-11T15:51:01.712Z] <<< HTTP RESPONSE 200 {"content-type":"application/json; charset=UTF-8","vary":"X-Origin, Referer, Origin,Accept-Encoding","date":"Fri, 11 Dec 2020 15:51:01 GMT","server":"ESF","cache-control":"private","x-xss-protection":"0","x-frame-options":"SAMEORIGIN","x-content-type-options":"nosniff","alt-svc":"h3-29=\":443\"; ma=2592000,h3-T051=\":443\"; ma=2592000,h3-Q050=\":443\"; ma=2592000,h3-Q046=\":443\"; ma=2592000,h3-Q043=\":443\"; ma=2592000,quic=\":443\"; ma=2592000; v=\"46,43\"","accept-ranges":"none","transfer-encoding":"chunked"}
[debug] [2020-12-11T15:51:03.716Z] >>> HTTP REQUEST GET https://cloudfunctions.googleapis.com/v1/operations/cmtyZWRkeTU2L3VzLWNlbnRyYWwxL3ByaWNlLzZfT016dVFuSUQw  
 
[debug] [2020-12-11T15:51:04.002Z] <<< HTTP RESPONSE 200 {"content-type":"application/json; charset=UTF-8","vary":"X-Origin, Referer, Origin,Accept-Encoding","date":"Fri, 11 Dec 2020 15:51:04 GMT","server":"ESF","cache-control":"private","x-xss-protection":"0","x-frame-options":"SAMEORIGIN","x-content-type-options":"nosniff","alt-svc":"h3-29=\":443\"; ma=2592000,h3-T051=\":443\"; ma=2592000,h3-Q050=\":443\"; ma=2592000,h3-Q046=\":443\"; ma=2592000,h3-Q043=\":443\"; ma=2592000,quic=\":443\"; ma=2592000; v=\"46,43\"","accept-ranges":"none","transfer-encoding":"chunked"}
[debug] [2020-12-11T15:51:06.004Z] >>> HTTP REQUEST GET https://cloudfunctions.googleapis.com/v1/operations/cmtyZWRkeTU2L3VzLWNlbnRyYWwxL3ByaWNlLzZfT016dVFuSUQw  
 
[debug] [2020-12-11T15:51:06.441Z] <<< HTTP RESPONSE 200 {"content-type":"application/json; charset=UTF-8","vary":"X-Origin, Referer, Origin,Accept-Encoding","date":"Fri, 11 Dec 2020 15:51:06 GMT","server":"ESF","cache-control":"private","x-xss-protection":"0","x-frame-options":"SAMEORIGIN","x-content-type-options":"nosniff","alt-svc":"h3-29=\":443\"; ma=2592000,h3-T051=\":443\"; ma=2592000,h3-Q050=\":443\"; ma=2592000,h3-Q046=\":443\"; ma=2592000,h3-Q043=\":443\"; ma=2592000,quic=\":443\"; ma=2592000; v=\"46,43\"","accept-ranges":"none","transfer-encoding":"chunked"}
[debug] [2020-12-11T15:51:08.446Z] >>> HTTP REQUEST GET https://cloudfunctions.googleapis.com/v1/operations/cmtyZWRkeTU2L3VzLWNlbnRyYWwxL3ByaWNlLzZfT016dVFuSUQw  
 
[debug] [2020-12-11T15:51:08.719Z] <<< HTTP RESPONSE 200 {"content-type":"application/json; charset=UTF-8","vary":"X-Origin, Referer, Origin,Accept-Encoding","date":"Fri, 11 Dec 2020 15:51:08 GMT","server":"ESF","cache-control":"private","x-xss-protection":"0","x-frame-options":"SAMEORIGIN","x-content-type-options":"nosniff","alt-svc":"h3-29=\":443\"; ma=2592000,h3-T051=\":443\"; ma=2592000,h3-Q050=\":443\"; ma=2592000,h3-Q046=\":443\"; ma=2592000,h3-Q043=\":443\"; ma=2592000,quic=\":443\"; ma=2592000; v=\"46,43\"","accept-ranges":"none","transfer-encoding":"chunked"}
[debug] [2020-12-11T15:51:10.719Z] >>> HTTP REQUEST GET https://cloudfunctions.googleapis.com/v1/operations/cmtyZWRkeTU2L3VzLWNlbnRyYWwxL3ByaWNlLzZfT016dVFuSUQw  
 
[debug] [2020-12-11T15:51:10.986Z] <<< HTTP RESPONSE 200 {"content-type":"application/json; charset=UTF-8","vary":"X-Origin, Referer, Origin,Accept-Encoding","date":"Fri, 11 Dec 2020 15:51:11 GMT","server":"ESF","cache-control":"private","x-xss-protection":"0","x-frame-options":"SAMEORIGIN","x-content-type-options":"nosniff","alt-svc":"h3-29=\":443\"; ma=2592000,h3-T051=\":443\"; ma=2592000,h3-Q050=\":443\"; ma=2592000,h3-Q046=\":443\"; ma=2592000,h3-Q043=\":443\"; ma=2592000,quic=\":443\"; ma=2592000; v=\"46,43\"","accept-ranges":"none","transfer-encoding":"chunked"}
[debug] [2020-12-11T15:51:12.990Z] >>> HTTP REQUEST GET https://cloudfunctions.googleapis.com/v1/operations/cmtyZWRkeTU2L3VzLWNlbnRyYWwxL3ByaWNlLzZfT016dVFuSUQw  
 
[debug] [2020-12-11T15:51:13.225Z] <<< HTTP RESPONSE 200 {"content-type":"application/json; charset=UTF-8","vary":"X-Origin, Referer, Origin,Accept-Encoding","date":"Fri, 11 Dec 2020 15:51:13 GMT","server":"ESF","cache-control":"private","x-xss-protection":"0","x-frame-options":"SAMEORIGIN","x-content-type-options":"nosniff","alt-svc":"h3-29=\":443\"; ma=2592000,h3-T051=\":443\"; ma=2592000,h3-Q050=\":443\"; ma=2592000,h3-Q046=\":443\"; ma=2592000,h3-Q043=\":443\"; ma=2592000,quic=\":443\"; ma=2592000; v=\"46,43\"","accept-ranges":"none","transfer-encoding":"chunked"}
[debug] [2020-12-11T15:51:15.230Z] >>> HTTP REQUEST GET https://cloudfunctions.googleapis.com/v1/operations/cmtyZWRkeTU2L3VzLWNlbnRyYWwxL3ByaWNlLzZfT016dVFuSUQw  
 
[debug] [2020-12-11T15:51:15.509Z] <<< HTTP RESPONSE 200 {"content-type":"application/json; charset=UTF-8","vary":"X-Origin, Referer, Origin,Accept-Encoding","date":"Fri, 11 Dec 2020 15:51:15 GMT","server":"ESF","cache-control":"private","x-xss-protection":"0","x-frame-options":"SAMEORIGIN","x-content-type-options":"nosniff","alt-svc":"h3-29=\":443\"; ma=2592000,h3-T051=\":443\"; ma=2592000,h3-Q050=\":443\"; ma=2592000,h3-Q046=\":443\"; ma=2592000,h3-Q043=\":443\"; ma=2592000,quic=\":443\"; ma=2592000; v=\"46,43\"","accept-ranges":"none","transfer-encoding":"chunked"}
[debug] [2020-12-11T15:51:17.513Z] >>> HTTP REQUEST GET https://cloudfunctions.googleapis.com/v1/operations/cmtyZWRkeTU2L3VzLWNlbnRyYWwxL3ByaWNlLzZfT016dVFuSUQw  
 
[debug] [2020-12-11T15:51:17.750Z] <<< HTTP RESPONSE 200 {"content-type":"application/json; charset=UTF-8","vary":"X-Origin, Referer, Origin,Accept-Encoding","date":"Fri, 11 Dec 2020 15:51:17 GMT","server":"ESF","cache-control":"private","x-xss-protection":"0","x-frame-options":"SAMEORIGIN","x-content-type-options":"nosniff","alt-svc":"h3-29=\":443\"; ma=2592000,h3-T051=\":443\"; ma=2592000,h3-Q050=\":443\"; ma=2592000,h3-Q046=\":443\"; ma=2592000,h3-Q043=\":443\"; ma=2592000,quic=\":443\"; ma=2592000; v=\"46,43\"","accept-ranges":"none","transfer-encoding":"chunked"}
[debug] [2020-12-11T15:51:19.757Z] >>> HTTP REQUEST GET https://cloudfunctions.googleapis.com/v1/operations/cmtyZWRkeTU2L3VzLWNlbnRyYWwxL3ByaWNlLzZfT016dVFuSUQw  
 
[debug] [2020-12-11T15:51:20.014Z] <<< HTTP RESPONSE 200 {"content-type":"application/json; charset=UTF-8","vary":"X-Origin, Referer, Origin,Accept-Encoding","date":"Fri, 11 Dec 2020 15:51:20 GMT","server":"ESF","cache-control":"private","x-xss-protection":"0","x-frame-options":"SAMEORIGIN","x-content-type-options":"nosniff","alt-svc":"h3-29=\":443\"; ma=2592000,h3-T051=\":443\"; ma=2592000,h3-Q050=\":443\"; ma=2592000,h3-Q046=\":443\"; ma=2592000,h3-Q043=\":443\"; ma=2592000,quic=\":443\"; ma=2592000; v=\"46,43\"","accept-ranges":"none","transfer-encoding":"chunked"}
[debug] [2020-12-11T15:51:22.020Z] >>> HTTP REQUEST GET https://cloudfunctions.googleapis.com/v1/operations/cmtyZWRkeTU2L3VzLWNlbnRyYWwxL3ByaWNlLzZfT016dVFuSUQw  
 
[debug] [2020-12-11T15:51:22.263Z] <<< HTTP RESPONSE 200 {"content-type":"application/json; charset=UTF-8","vary":"X-Origin, Referer, Origin,Accept-Encoding","date":"Fri, 11 Dec 2020 15:51:22 GMT","server":"ESF","cache-control":"private","x-xss-protection":"0","x-frame-options":"SAMEORIGIN","x-content-type-options":"nosniff","alt-svc":"h3-29=\":443\"; ma=2592000,h3-T051=\":443\"; ma=2592000,h3-Q050=\":443\"; ma=2592000,h3-Q046=\":443\"; ma=2592000,h3-Q043=\":443\"; ma=2592000,quic=\":443\"; ma=2592000; v=\"46,43\"","accept-ranges":"none","transfer-encoding":"chunked"}
[debug] [2020-12-11T15:51:24.265Z] >>> HTTP REQUEST GET https://cloudfunctions.googleapis.com/v1/operations/cmtyZWRkeTU2L3VzLWNlbnRyYWwxL3ByaWNlLzZfT016dVFuSUQw  
 
[debug] [2020-12-11T15:51:24.516Z] <<< HTTP RESPONSE 200 {"content-type":"application/json; charset=UTF-8","vary":"X-Origin, Referer, Origin,Accept-Encoding","date":"Fri, 11 Dec 2020 15:51:24 GMT","server":"ESF","cache-control":"private","x-xss-protection":"0","x-frame-options":"SAMEORIGIN","x-content-type-options":"nosniff","alt-svc":"h3-29=\":443\"; ma=2592000,h3-T051=\":443\"; ma=2592000,h3-Q050=\":443\"; ma=2592000,h3-Q046=\":443\"; ma=2592000,h3-Q043=\":443\"; ma=2592000,quic=\":443\"; ma=2592000; v=\"46,43\"","accept-ranges":"none","transfer-encoding":"chunked"}
[debug] [2020-12-11T15:51:26.519Z] >>> HTTP REQUEST GET https://cloudfunctions.googleapis.com/v1/operations/cmtyZWRkeTU2L3VzLWNlbnRyYWwxL3ByaWNlLzZfT016dVFuSUQw  
 
[debug] [2020-12-11T15:51:26.768Z] <<< HTTP RESPONSE 200 {"content-type":"application/json; charset=UTF-8","vary":"X-Origin, Referer, Origin,Accept-Encoding","date":"Fri, 11 Dec 2020 15:51:26 GMT","server":"ESF","cache-control":"private","x-xss-protection":"0","x-frame-options":"SAMEORIGIN","x-content-type-options":"nosniff","alt-svc":"h3-29=\":443\"; ma=2592000,h3-T051=\":443\"; ma=2592000,h3-Q050=\":443\"; ma=2592000,h3-Q046=\":443\"; ma=2592000,h3-Q043=\":443\"; ma=2592000,quic=\":443\"; ma=2592000; v=\"46,43\"","accept-ranges":"none","transfer-encoding":"chunked"}
[debug] [2020-12-11T15:51:28.773Z] >>> HTTP REQUEST GET https://cloudfunctions.googleapis.com/v1/operations/cmtyZWRkeTU2L3VzLWNlbnRyYWwxL3ByaWNlLzZfT016dVFuSUQw  
 
[debug] [2020-12-11T15:51:29.015Z] <<< HTTP RESPONSE 200 {"content-type":"application/json; charset=UTF-8","vary":"X-Origin, Referer, Origin,Accept-Encoding","date":"Fri, 11 Dec 2020 15:51:29 GMT","server":"ESF","cache-control":"private","x-xss-protection":"0","x-frame-options":"SAMEORIGIN","x-content-type-options":"nosniff","alt-svc":"h3-29=\":443\"; ma=2592000,h3-T051=\":443\"; ma=2592000,h3-Q050=\":443\"; ma=2592000,h3-Q046=\":443\"; ma=2592000,h3-Q043=\":443\"; ma=2592000,quic=\":443\"; ma=2592000; v=\"46,43\"","accept-ranges":"none","transfer-encoding":"chunked"}
[debug] [2020-12-11T15:51:31.023Z] >>> HTTP REQUEST GET https://cloudfunctions.googleapis.com/v1/operations/cmtyZWRkeTU2L3VzLWNlbnRyYWwxL3ByaWNlLzZfT016dVFuSUQw  
 
[debug] [2020-12-11T15:51:31.268Z] <<< HTTP RESPONSE 200 {"content-type":"application/json; charset=UTF-8","vary":"X-Origin, Referer, Origin,Accept-Encoding","date":"Fri, 11 Dec 2020 15:51:31 GMT","server":"ESF","cache-control":"private","x-xss-protection":"0","x-frame-options":"SAMEORIGIN","x-content-type-options":"nosniff","alt-svc":"h3-29=\":443\"; ma=2592000,h3-T051=\":443\"; ma=2592000,h3-Q050=\":443\"; ma=2592000,h3-Q046=\":443\"; ma=2592000,h3-Q043=\":443\"; ma=2592000,quic=\":443\"; ma=2592000; v=\"46,43\"","accept-ranges":"none","transfer-encoding":"chunked"}
[debug] [2020-12-11T15:51:33.271Z] >>> HTTP REQUEST GET https://cloudfunctions.googleapis.com/v1/operations/cmtyZWRkeTU2L3VzLWNlbnRyYWwxL3ByaWNlLzZfT016dVFuSUQw  
 
[debug] [2020-12-11T15:51:33.507Z] <<< HTTP RESPONSE 200 {"content-type":"application/json; charset=UTF-8","vary":"X-Origin, Referer, Origin,Accept-Encoding","date":"Fri, 11 Dec 2020 15:51:33 GMT","server":"ESF","cache-control":"private","x-xss-protection":"0","x-frame-options":"SAMEORIGIN","x-content-type-options":"nosniff","alt-svc":"h3-29=\":443\"; ma=2592000,h3-T051=\":443\"; ma=2592000,h3-Q050=\":443\"; ma=2592000,h3-Q046=\":443\"; ma=2592000,h3-Q043=\":443\"; ma=2592000,quic=\":443\"; ma=2592000; v=\"46,43\"","accept-ranges":"none","transfer-encoding":"chunked"}
[debug] [2020-12-11T15:51:35.511Z] >>> HTTP REQUEST GET https://cloudfunctions.googleapis.com/v1/operations/cmtyZWRkeTU2L3VzLWNlbnRyYWwxL3ByaWNlLzZfT016dVFuSUQw  
 
[debug] [2020-12-11T15:51:35.764Z] <<< HTTP RESPONSE 200 {"content-type":"application/json; charset=UTF-8","vary":"X-Origin, Referer, Origin,Accept-Encoding","date":"Fri, 11 Dec 2020 15:51:35 GMT","server":"ESF","cache-control":"private","x-xss-protection":"0","x-frame-options":"SAMEORIGIN","x-content-type-options":"nosniff","alt-svc":"h3-29=\":443\"; ma=2592000,h3-T051=\":443\"; ma=2592000,h3-Q050=\":443\"; ma=2592000,h3-Q046=\":443\"; ma=2592000,h3-Q043=\":443\"; ma=2592000,quic=\":443\"; ma=2592000; v=\"46,43\"","accept-ranges":"none","transfer-encoding":"chunked"}
[debug] [2020-12-11T15:51:37.771Z] >>> HTTP REQUEST GET https://cloudfunctions.googleapis.com/v1/operations/cmtyZWRkeTU2L3VzLWNlbnRyYWwxL3ByaWNlLzZfT016dVFuSUQw  
 
[debug] [2020-12-11T15:51:38.038Z] <<< HTTP RESPONSE 200 {"content-type":"application/json; charset=UTF-8","vary":"X-Origin, Referer, Origin,Accept-Encoding","date":"Fri, 11 Dec 2020 15:51:38 GMT","server":"ESF","cache-control":"private","x-xss-protection":"0","x-frame-options":"SAMEORIGIN","x-content-type-options":"nosniff","alt-svc":"h3-29=\":443\"; ma=2592000,h3-T051=\":443\"; ma=2592000,h3-Q050=\":443\"; ma=2592000,h3-Q046=\":443\"; ma=2592000,h3-Q043=\":443\"; ma=2592000,quic=\":443\"; ma=2592000; v=\"46,43\"","accept-ranges":"none","transfer-encoding":"chunked"}
[debug] [2020-12-11T15:51:40.042Z] >>> HTTP REQUEST GET https://cloudfunctions.googleapis.com/v1/operations/cmtyZWRkeTU2L3VzLWNlbnRyYWwxL3ByaWNlLzZfT016dVFuSUQw  
 
[debug] [2020-12-11T15:51:40.300Z] <<< HTTP RESPONSE 200 {"content-type":"application/json; charset=UTF-8","vary":"X-Origin, Referer, Origin,Accept-Encoding","date":"Fri, 11 Dec 2020 15:51:40 GMT","server":"ESF","cache-control":"private","x-xss-protection":"0","x-frame-options":"SAMEORIGIN","x-content-type-options":"nosniff","alt-svc":"h3-29=\":443\"; ma=2592000,h3-T051=\":443\"; ma=2592000,h3-Q050=\":443\"; ma=2592000,h3-Q046=\":443\"; ma=2592000,h3-Q043=\":443\"; ma=2592000,quic=\":443\"; ma=2592000; v=\"46,43\"","accept-ranges":"none","transfer-encoding":"chunked"}
[debug] [2020-12-11T15:51:42.300Z] >>> HTTP REQUEST GET https://cloudfunctions.googleapis.com/v1/operations/cmtyZWRkeTU2L3VzLWNlbnRyYWwxL3ByaWNlLzZfT016dVFuSUQw  
 
[debug] [2020-12-11T15:51:42.560Z] <<< HTTP RESPONSE 200 {"content-type":"application/json; charset=UTF-8","vary":"X-Origin, Referer, Origin,Accept-Encoding","date":"Fri, 11 Dec 2020 15:51:42 GMT","server":"ESF","cache-control":"private","x-xss-protection":"0","x-frame-options":"SAMEORIGIN","x-content-type-options":"nosniff","alt-svc":"h3-29=\":443\"; ma=2592000,h3-T051=\":443\"; ma=2592000,h3-Q050=\":443\"; ma=2592000,h3-Q046=\":443\"; ma=2592000,h3-Q043=\":443\"; ma=2592000,quic=\":443\"; ma=2592000; v=\"46,43\"","accept-ranges":"none","transfer-encoding":"chunked"}
[debug] [2020-12-11T15:51:44.564Z] >>> HTTP REQUEST GET https://cloudfunctions.googleapis.com/v1/operations/cmtyZWRkeTU2L3VzLWNlbnRyYWwxL3ByaWNlLzZfT016dVFuSUQw  
 
[debug] [2020-12-11T15:51:44.822Z] <<< HTTP RESPONSE 200 {"content-type":"application/json; charset=UTF-8","vary":"X-Origin, Referer, Origin,Accept-Encoding","date":"Fri, 11 Dec 2020 15:51:44 GMT","server":"ESF","cache-control":"private","x-xss-protection":"0","x-frame-options":"SAMEORIGIN","x-content-type-options":"nosniff","alt-svc":"h3-29=\":443\"; ma=2592000,h3-T051=\":443\"; ma=2592000,h3-Q050=\":443\"; ma=2592000,h3-Q046=\":443\"; ma=2592000,h3-Q043=\":443\"; ma=2592000,quic=\":443\"; ma=2592000; v=\"46,43\"","accept-ranges":"none","transfer-encoding":"chunked"}
[debug] [2020-12-11T15:51:46.824Z] >>> HTTP REQUEST GET https://cloudfunctions.googleapis.com/v1/operations/cmtyZWRkeTU2L3VzLWNlbnRyYWwxL3ByaWNlLzZfT016dVFuSUQw  
 
[debug] [2020-12-11T15:51:47.082Z] <<< HTTP RESPONSE 200 {"content-type":"application/json; charset=UTF-8","vary":"X-Origin, Referer, Origin,Accept-Encoding","date":"Fri, 11 Dec 2020 15:51:47 GMT","server":"ESF","cache-control":"private","x-xss-protection":"0","x-frame-options":"SAMEORIGIN","x-content-type-options":"nosniff","alt-svc":"h3-29=\":443\"; ma=2592000,h3-T051=\":443\"; ma=2592000,h3-Q050=\":443\"; ma=2592000,h3-Q046=\":443\"; ma=2592000,h3-Q043=\":443\"; ma=2592000,quic=\":443\"; ma=2592000; v=\"46,43\"","accept-ranges":"none","transfer-encoding":"chunked"}
[debug] [2020-12-11T15:51:49.089Z] >>> HTTP REQUEST GET https://cloudfunctions.googleapis.com/v1/operations/cmtyZWRkeTU2L3VzLWNlbnRyYWwxL3ByaWNlLzZfT016dVFuSUQw  
 
[debug] [2020-12-11T15:51:49.342Z] <<< HTTP RESPONSE 200 {"content-type":"application/json; charset=UTF-8","vary":"X-Origin, Referer, Origin,Accept-Encoding","date":"Fri, 11 Dec 2020 15:51:49 GMT","server":"ESF","cache-control":"private","x-xss-protection":"0","x-frame-options":"SAMEORIGIN","x-content-type-options":"nosniff","alt-svc":"h3-29=\":443\"; ma=2592000,h3-T051=\":443\"; ma=2592000,h3-Q050=\":443\"; ma=2592000,h3-Q046=\":443\"; ma=2592000,h3-Q043=\":443\"; ma=2592000,quic=\":443\"; ma=2592000; v=\"46,43\"","accept-ranges":"none","transfer-encoding":"chunked"}
[debug] [2020-12-11T15:51:51.348Z] >>> HTTP REQUEST GET https://cloudfunctions.googleapis.com/v1/operations/cmtyZWRkeTU2L3VzLWNlbnRyYWwxL3ByaWNlLzZfT016dVFuSUQw  
 
[debug] [2020-12-11T15:51:51.606Z] <<< HTTP RESPONSE 200 {"content-type":"application/json; charset=UTF-8","vary":"X-Origin, Referer, Origin,Accept-Encoding","date":"Fri, 11 Dec 2020 15:51:51 GMT","server":"ESF","cache-control":"private","x-xss-protection":"0","x-frame-options":"SAMEORIGIN","x-content-type-options":"nosniff","alt-svc":"h3-29=\":443\"; ma=2592000,h3-T051=\":443\"; ma=2592000,h3-Q050=\":443\"; ma=2592000,h3-Q046=\":443\"; ma=2592000,h3-Q043=\":443\"; ma=2592000,quic=\":443\"; ma=2592000; v=\"46,43\"","accept-ranges":"none","transfer-encoding":"chunked"}
[debug] [2020-12-11T15:51:53.607Z] >>> HTTP REQUEST GET https://cloudfunctions.googleapis.com/v1/operations/cmtyZWRkeTU2L3VzLWNlbnRyYWwxL3ByaWNlLzZfT016dVFuSUQw  
 
[debug] [2020-12-11T15:51:53.865Z] <<< HTTP RESPONSE 200 {"content-type":"application/json; charset=UTF-8","vary":"X-Origin, Referer, Origin,Accept-Encoding","date":"Fri, 11 Dec 2020 15:51:53 GMT","server":"ESF","cache-control":"private","x-xss-protection":"0","x-frame-options":"SAMEORIGIN","x-content-type-options":"nosniff","alt-svc":"h3-29=\":443\"; ma=2592000,h3-T051=\":443\"; ma=2592000,h3-Q050=\":443\"; ma=2592000,h3-Q046=\":443\"; ma=2592000,h3-Q043=\":443\"; ma=2592000,quic=\":443\"; ma=2592000; v=\"46,43\"","accept-ranges":"none","transfer-encoding":"chunked"}
[debug] [2020-12-11T15:51:55.871Z] >>> HTTP REQUEST GET https://cloudfunctions.googleapis.com/v1/operations/cmtyZWRkeTU2L3VzLWNlbnRyYWwxL3ByaWNlLzZfT016dVFuSUQw  
 
[debug] [2020-12-11T15:51:56.118Z] <<< HTTP RESPONSE 200 {"content-type":"application/json; charset=UTF-8","vary":"X-Origin, Referer, Origin,Accept-Encoding","date":"Fri, 11 Dec 2020 15:51:56 GMT","server":"ESF","cache-control":"private","x-xss-protection":"0","x-frame-options":"SAMEORIGIN","x-content-type-options":"nosniff","alt-svc":"h3-29=\":443\"; ma=2592000,h3-T051=\":443\"; ma=2592000,h3-Q050=\":443\"; ma=2592000,h3-Q046=\":443\"; ma=2592000,h3-Q043=\":443\"; ma=2592000,quic=\":443\"; ma=2592000; v=\"46,43\"","accept-ranges":"none","transfer-encoding":"chunked"}
[debug] [2020-12-11T15:51:58.121Z] >>> HTTP REQUEST GET https://cloudfunctions.googleapis.com/v1/operations/cmtyZWRkeTU2L3VzLWNlbnRyYWwxL3ByaWNlLzZfT016dVFuSUQw  
 
[debug] [2020-12-11T15:51:58.371Z] <<< HTTP RESPONSE 200 {"content-type":"application/json; charset=UTF-8","vary":"X-Origin, Referer, Origin,Accept-Encoding","date":"Fri, 11 Dec 2020 15:51:58 GMT","server":"ESF","cache-control":"private","x-xss-protection":"0","x-frame-options":"SAMEORIGIN","x-content-type-options":"nosniff","alt-svc":"h3-29=\":443\"; ma=2592000,h3-T051=\":443\"; ma=2592000,h3-Q050=\":443\"; ma=2592000,h3-Q046=\":443\"; ma=2592000,h3-Q043=\":443\"; ma=2592000,quic=\":443\"; ma=2592000; v=\"46,43\"","accept-ranges":"none","transfer-encoding":"chunked"}
[debug] [2020-12-11T15:52:00.373Z] >>> HTTP REQUEST GET https://cloudfunctions.googleapis.com/v1/operations/cmtyZWRkeTU2L3VzLWNlbnRyYWwxL3ByaWNlLzZfT016dVFuSUQw  
 
[debug] [2020-12-11T15:52:00.613Z] <<< HTTP RESPONSE 200 {"content-type":"application/json; charset=UTF-8","vary":"X-Origin, Referer, Origin,Accept-Encoding","date":"Fri, 11 Dec 2020 15:52:00 GMT","server":"ESF","cache-control":"private","x-xss-protection":"0","x-frame-options":"SAMEORIGIN","x-content-type-options":"nosniff","alt-svc":"h3-29=\":443\"; ma=2592000,h3-T051=\":443\"; ma=2592000,h3-Q050=\":443\"; ma=2592000,h3-Q046=\":443\"; ma=2592000,h3-Q043=\":443\"; ma=2592000,quic=\":443\"; ma=2592000; v=\"46,43\"","accept-ranges":"none","transfer-encoding":"chunked"}
[debug] [2020-12-11T15:52:02.614Z] >>> HTTP REQUEST GET https://cloudfunctions.googleapis.com/v1/operations/cmtyZWRkeTU2L3VzLWNlbnRyYWwxL3ByaWNlLzZfT016dVFuSUQw  
 
[debug] [2020-12-11T15:52:02.872Z] <<< HTTP RESPONSE 200 {"content-type":"application/json; charset=UTF-8","vary":"X-Origin, Referer, Origin,Accept-Encoding","date":"Fri, 11 Dec 2020 15:52:02 GMT","server":"ESF","cache-control":"private","x-xss-protection":"0","x-frame-options":"SAMEORIGIN","x-content-type-options":"nosniff","alt-svc":"h3-29=\":443\"; ma=2592000,h3-T051=\":443\"; ma=2592000,h3-Q050=\":443\"; ma=2592000,h3-Q046=\":443\"; ma=2592000,h3-Q043=\":443\"; ma=2592000,quic=\":443\"; ma=2592000; v=\"46,43\"","accept-ranges":"none","transfer-encoding":"chunked"}
[debug] [2020-12-11T15:52:04.874Z] >>> HTTP REQUEST GET https://cloudfunctions.googleapis.com/v1/operations/cmtyZWRkeTU2L3VzLWNlbnRyYWwxL3ByaWNlLzZfT016dVFuSUQw  
 
[debug] [2020-12-11T15:52:05.130Z] <<< HTTP RESPONSE 200 {"content-type":"application/json; charset=UTF-8","vary":"X-Origin, Referer, Origin,Accept-Encoding","date":"Fri, 11 Dec 2020 15:52:05 GMT","server":"ESF","cache-control":"private","x-xss-protection":"0","x-frame-options":"SAMEORIGIN","x-content-type-options":"nosniff","alt-svc":"h3-29=\":443\"; ma=2592000,h3-T051=\":443\"; ma=2592000,h3-Q050=\":443\"; ma=2592000,h3-Q046=\":443\"; ma=2592000,h3-Q043=\":443\"; ma=2592000,quic=\":443\"; ma=2592000; v=\"46,43\"","accept-ranges":"none","transfer-encoding":"chunked"}
[debug] [2020-12-11T15:52:07.136Z] >>> HTTP REQUEST GET https://cloudfunctions.googleapis.com/v1/operations/cmtyZWRkeTU2L3VzLWNlbnRyYWwxL3ByaWNlLzZfT016dVFuSUQw  
 
[debug] [2020-12-11T15:52:07.370Z] <<< HTTP RESPONSE 200 {"content-type":"application/json; charset=UTF-8","vary":"X-Origin, Referer, Origin,Accept-Encoding","date":"Fri, 11 Dec 2020 15:52:07 GMT","server":"ESF","cache-control":"private","x-xss-protection":"0","x-frame-options":"SAMEORIGIN","x-content-type-options":"nosniff","alt-svc":"h3-29=\":443\"; ma=2592000,h3-T051=\":443\"; ma=2592000,h3-Q050=\":443\"; ma=2592000,h3-Q046=\":443\"; ma=2592000,h3-Q043=\":443\"; ma=2592000,quic=\":443\"; ma=2592000; v=\"46,43\"","accept-ranges":"none","transfer-encoding":"chunked"}
[debug] [2020-12-11T15:52:09.374Z] >>> HTTP REQUEST GET https://cloudfunctions.googleapis.com/v1/operations/cmtyZWRkeTU2L3VzLWNlbnRyYWwxL3ByaWNlLzZfT016dVFuSUQw  
 
[debug] [2020-12-11T15:52:09.668Z] <<< HTTP RESPONSE 200 {"content-type":"application/json; charset=UTF-8","vary":"X-Origin, Referer, Origin,Accept-Encoding","date":"Fri, 11 Dec 2020 15:52:09 GMT","server":"ESF","cache-control":"private","x-xss-protection":"0","x-frame-options":"SAMEORIGIN","x-content-type-options":"nosniff","alt-svc":"h3-29=\":443\"; ma=2592000,h3-T051=\":443\"; ma=2592000,h3-Q050=\":443\"; ma=2592000,h3-Q046=\":443\"; ma=2592000,h3-Q043=\":443\"; ma=2592000,quic=\":443\"; ma=2592000; v=\"46,43\"","accept-ranges":"none","transfer-encoding":"chunked"}
